[         0] Initializing Mono
[        15] Initializing Mono completed
[        31] Hello!
[        94] Resolved live-internal.fivem.net:30110 to 62.210.162.18:30110
[       125] Found new resource fivem in B:/FXServer/resources//fivem
[       140] Found new resource fivem-awesome1501 in B:/FXServer/resources//fivem-awesome1501
[       156] Found new resource fivem-map-hipster in B:/FXServer/resources//fivem-map-hipster
[       156] Found new resource fivem-map-skater in B:/FXServer/resources//fivem-map-skater
[       172] Found new resource runcode in B:/FXServer/resources//runcode
[       187] Found new resource race in B:/FXServer/resources//[gamemodes]/race
[       203] Found new resource race-test in B:/FXServer/resources//[gamemodes]/race-test
[       219] Found new resource channelfeed in B:/FXServer/resources//[gameplay]/channelfeed
[       219] Found new resource irc in B:/FXServer/resources//[gameplay]/irc
[       234] Found new resource obituary in B:/FXServer/resources//[gameplay]/obituary
[       250] Found new resource obituary-deaths in B:/FXServer/resources//[gameplay]/obituary-deaths
[       265] Found new resource playernames in B:/FXServer/resources//[gameplay]/playernames
[       281] Found new resource mapmanager in B:/FXServer/resources//[managers]/mapmanager
[       297] Found new resource baseevents in B:/FXServer/resources//[system]/baseevents
[       312] Found new resource chat in B:/FXServer/resources//[system]/chat
[       312] Found new resource hardcap in B:/FXServer/resources//[system]/hardcap
[       328] Found new resource rconlog in B:/FXServer/resources//[system]/rconlog
[       344] Found new resource scoreboard in B:/FXServer/resources//[system]/scoreboard
[       359] Found new resource sessionmanager in B:/FXServer/resources//[system]/sessionmanager
[       375] Found new resource spawnmanager in B:/FXServer/resources//[system]/spawnmanager
[       390] Found new resource betaguns in B:/FXServer/resources//[test]/betaguns
[       406] Found new resource gameInit in B:/FXServer/resources//[test]/gameInit
[       422] Found new resource keks in B:/FXServer/resources//[test]/keks
[       469] Started resource sessionmanager
[      2219] Started resource mapmanager
[      2265] Started resource chat
[      2297] Started resource spawnmanager
[      2312] Started gametype Freeroam
[      2328] Started resource fivem
[      2359] Started resource hardcap
[      2390] Started resource rconlog
[      2422] Started resource scoreboard
[      2469] Started resource playernames
[      2469] Authenticating server license key...
[      3140] Server license key authentication succeeded. Welcome!
[      3203] Sending heartbeat to live-internal.fivem.net:30110
[      3234] Started map fivem-map-hipster
[      3234] Started resource fivem-map-hipster
[         0] Initializing Mono
[        15] Initializing Mono completed
[        31] Hello!
[        62] Resolved live-internal.fivem.net:30110 to 62.210.162.18:30110
[        93] Found new resource fivem in B:/FXServer/resources//fivem
[       109] Found new resource fivem-awesome1501 in B:/FXServer/resources//fivem-awesome1501
[       109] Found new resource fivem-map-hipster in B:/FXServer/resources//fivem-map-hipster
[       125] Found new resource fivem-map-skater in B:/FXServer/resources//fivem-map-skater
[       125] Found new resource runcode in B:/FXServer/resources//runcode
[       140] Found new resource race in B:/FXServer/resources//[gamemodes]/race
[       156] Found new resource race-test in B:/FXServer/resources//[gamemodes]/race-test
[       156] Found new resource channelfeed in B:/FXServer/resources//[gameplay]/channelfeed
[       172] Found new resource irc in B:/FXServer/resources//[gameplay]/irc
[       187] Found new resource obituary in B:/FXServer/resources//[gameplay]/obituary
[       203] Found new resource obituary-deaths in B:/FXServer/resources//[gameplay]/obituary-deaths
[       203] Found new resource playernames in B:/FXServer/resources//[gameplay]/playernames
[       218] Found new resource mapmanager in B:/FXServer/resources//[managers]/mapmanager
[       234] Found new resource baseevents in B:/FXServer/resources//[system]/baseevents
[       234] Found new resource chat in B:/FXServer/resources//[system]/chat
[       250] Found new resource hardcap in B:/FXServer/resources//[system]/hardcap
[       265] Found new resource rconlog in B:/FXServer/resources//[system]/rconlog
[       265] Found new resource scoreboard in B:/FXServer/resources//[system]/scoreboard
[       281] Found new resource sessionmanager in B:/FXServer/resources//[system]/sessionmanager
[       297] Found new resource spawnmanager in B:/FXServer/resources//[system]/spawnmanager
[       297] Found new resource betaguns in B:/FXServer/resources//[test]/betaguns
[       312] Found new resource gameInit in B:/FXServer/resources//[test]/gameInit
[       312] Found new resource keks in B:/FXServer/resources//[test]/keks
[       390] Started resource sessionmanager
[       422] Started resource mapmanager
[       437] Started resource chat
[       453] Started resource spawnmanager
[       453] Started gametype Freeroam
[       468] Started resource fivem
[       484] Started resource hardcap
[       500] Started resource rconlog
[       515] Started resource scoreboard
[       531] Started resource playernames
[       531] Authenticating server license key...
[      1297] Server license key authentication succeeded. Welcome!
[      1359] Sending heartbeat to live-internal.fivem.net:30110
[      1375] Started map fivem-map-hipster
[      1390] Started resource fivem-map-hipster
[         0] Initializing Mono
[        15] Initializing Mono completed
[        31] Hello!
[        46] Resolved live-internal.fivem.net:30110 to 62.210.162.18:30110
[        78] Found new resource fivem in B:/FXServer/resources//fivem
[        93] Found new resource fivem-awesome1501 in B:/FXServer/resources//fivem-awesome1501
[        93] Found new resource fivem-map-hipster in B:/FXServer/resources//fivem-map-hipster
[        93] Found new resource fivem-map-skater in B:/FXServer/resources//fivem-map-skater
[       109] Found new resource runcode in B:/FXServer/resources//runcode
[       109] Found new resource race in B:/FXServer/resources//[gamemodes]/race
[       109] Found new resource race-test in B:/FXServer/resources//[gamemodes]/race-test
[       125] Found new resource channelfeed in B:/FXServer/resources//[gameplay]/channelfeed
[       125] Found new resource irc in B:/FXServer/resources//[gameplay]/irc
[       140] Found new resource obituary in B:/FXServer/resources//[gameplay]/obituary
[       140] Found new resource obituary-deaths in B:/FXServer/resources//[gameplay]/obituary-deaths
[       140] Found new resource playernames in B:/FXServer/resources//[gameplay]/playernames
[       156] Found new resource mapmanager in B:/FXServer/resources//[managers]/mapmanager
[       156] Found new resource baseevents in B:/FXServer/resources//[system]/baseevents
[       156] Found new resource chat in B:/FXServer/resources//[system]/chat
[       171] Found new resource hardcap in B:/FXServer/resources//[system]/hardcap
[       171] Found new resource rconlog in B:/FXServer/resources//[system]/rconlog
[       171] Found new resource scoreboard in B:/FXServer/resources//[system]/scoreboard
[       187] Found new resource sessionmanager in B:/FXServer/resources//[system]/sessionmanager
[       187] Found new resource spawnmanager in B:/FXServer/resources//[system]/spawnmanager
[       203] Found new resource betaguns in B:/FXServer/resources//[test]/betaguns
[       203] Found new resource gameInit in B:/FXServer/resources//[test]/gameInit
[       218] Found new resource keks in B:/FXServer/resources//[test]/keks
[       265] Started resource sessionmanager
[       296] Started resource mapmanager
[       312] Started resource chat
[       328] Started resource spawnmanager
[       343] Started gametype Freeroam
[       359] Started resource fivem
[       375] Started resource hardcap
[       390] Started resource rconlog
[       406] Started resource scoreboard
[       437] Started resource playernames
[       437] Authenticating server license key...
[      1078] Server license key authentication succeeded. Welcome!
[      1140] Sending heartbeat to live-internal.fivem.net:30110
[      1171] Started map fivem-map-skater
[      1187] Started resource fivem-map-skater
[    127937] Connecting: RagingPufindail
[    129500] Sending heartbeat to live-internal.fivem.net:30110
[    309562] Sending heartbeat to live-internal.fivem.net:30110
[    333218] Sending heartbeat to live-internal.fivem.net:30110
[         0] Initializing Mono
[        31] Initializing Mono completed
[        31] Hello!
[       109] Found new resource cron in B:/FXServer/resources//cron
[       125] Found new resource essentialmode in B:/FXServer/resources//essentialmode
[       125] Resolved live-internal.fivem.net:30110 to 62.210.162.18:30110
[       125] Found new resource fivem in B:/FXServer/resources//fivem
[       140] Found new resource fivem-awesome1501 in B:/FXServer/resources//fivem-awesome1501
[       156] Found new resource fivem-map-hipster in B:/FXServer/resources//fivem-map-hipster
[       171] Found new resource fivem-map-skater in B:/FXServer/resources//fivem-map-skater
[       187] Found new resource instance in B:/FXServer/resources//instance
[       187] Found new resource mysql-async in B:/FXServer/resources//mysql-async
[       203] Found new resource runcode in B:/FXServer/resources//runcode
[       218] Found new resource skinchanger in B:/FXServer/resources//skinchanger
[       234] Found new resource esplugin_mysql in B:/FXServer/resources//[essentials]/esplugin_mysql
[       250] Found new resource es_admin2 in B:/FXServer/resources//[essentials]/es_admin2
[       250] Found new resource es_extended in B:/FXServer/resources//[essentials]/es_extended
[       265] Found new resource esx_addonaccount in B:/FXServer/resources//[esx]/esx_addonaccount
[       281] Found new resource esx_addoninventory in B:/FXServer/resources//[esx]/esx_addoninventory
[       296] Found new resource esx_billing in B:/FXServer/resources//[esx]/esx_billing
[       296] Found new resource esx_datastore in B:/FXServer/resources//[esx]/esx_datastore
[       312] Found new resource esx_phone in B:/FXServer/resources//[esx]/esx_phone
[       328] Found new resource esx_service in B:/FXServer/resources//[esx]/esx_service
[       343] Found new resource esx_skin in B:/FXServer/resources//[esx]/esx_skin
[       343] Found new resource esx_society in B:/FXServer/resources//[esx]/esx_society
[       359] Found new resource race in B:/FXServer/resources//[gamemodes]/race
[       375] Found new resource race-test in B:/FXServer/resources//[gamemodes]/race-test
[       375] Found new resource channelfeed in B:/FXServer/resources//[gameplay]/channelfeed
[       390] Found new resource irc in B:/FXServer/resources//[gameplay]/irc
[       406] Found new resource obituary in B:/FXServer/resources//[gameplay]/obituary
[       406] Found new resource obituary-deaths in B:/FXServer/resources//[gameplay]/obituary-deaths
[       421] Found new resource playernames in B:/FXServer/resources//[gameplay]/playernames
[       437] Found new resource mapmanager in B:/FXServer/resources//[managers]/mapmanager
[       453] Found new resource baseevents in B:/FXServer/resources//[system]/baseevents
[       453] Found new resource chat in B:/FXServer/resources//[system]/chat
[       468] Found new resource hardcap in B:/FXServer/resources//[system]/hardcap
[       484] Found new resource rconlog in B:/FXServer/resources//[system]/rconlog
[       484] Found new resource scoreboard in B:/FXServer/resources//[system]/scoreboard
[       500] Found new resource sessionmanager in B:/FXServer/resources//[system]/sessionmanager
[       515] Found new resource spawnmanager in B:/FXServer/resources//[system]/spawnmanager
[       515] Found new resource betaguns in B:/FXServer/resources//[test]/betaguns
[       531] Found new resource gameInit in B:/FXServer/resources//[test]/gameInit
[       546] Found new resource keks in B:/FXServer/resources//[test]/keks
[       546] Found new resource esx_menu_default in B:/FXServer/resources//[esx]/[ui]/esx_menu_default
[       562] Found new resource esx_menu_dialog in B:/FXServer/resources//[esx]/[ui]/esx_menu_dialog
[       578] Found new resource esx_menu_list in B:/FXServer/resources//[esx]/[ui]/esx_menu_list
[       625] Started resource sessionmanager
[       656] Started resource mapmanager
[       656] Started resource chat
[       671] Started resource spawnmanager
[       671] Started gametype Freeroam
[       687] Started resource fivem
[       687] Started resource hardcap
[       703] Started resource rconlog
[       718] Started resource scoreboard
[       718] Started resource playernames
[      1078] Loaded MySQLAsync.net, Version=2.1.0.0, Culture=neutral, PublicKeyToken=null into ScriptDomain_1547031435
[      1093] Instantiated instance of script MySQLAsync.MySQLThread.
[      1109] Instantiated instance of script MySQLAsync.MySQLAsync.
[      1140] Started resource mysql-async
[      1156] Started resource essentialmode
[      1171] Started resource esplugin_mysql
[      1203] Started resource es_admin2
[      1218] Failed to load script @async/async.lua.
[      1250] Started resource es_extended
[      1265] Started resource instance
[      1281] CRON STARTED [18:13]
[      1296] Started resource cron
[      1296] Started resource skinchanger
[      1312] Started resource esx_skin
[      1328] Started resource esx_menu_default
[      1343] Started resource esx_menu_list
[      1359] Started resource esx_menu_dialog
[      1375] Started resource esx_phone
[      1390] Started resource esx_addonaccount
[      1406] Started resource esx_addoninventory
[      1421] Started resource esx_datastore
[      1437] Started resource esx_society
[      1453] Started resource esx_service
[      1468] Started resource esx_billing
[      1484] Authenticating server license key...
[      2140] Server license key authentication succeeded. Welcome!
[      2203] Sending heartbeat to live-internal.fivem.net:30110
[      2250] 
[      2250] Current version: 5.0.1
[      2265] Updater version: 5.0.1
[      2265] 
[      2281] Everything is fine!
[      2281] 
[      2296] Started map fivem-map-hipster
[      2296] Started resource fivem-map-hipster
[      2406] Loaded MySqlConnector, Version=0.37.1.0, Culture=neutral, PublicKeyToken=d33d3e53aa5f8c92 into ScriptDomain_1547031435
[      2468] hitch warning: frame time of 269 milliseconds
[      2500] Loaded System.Threading.Tasks.Extensions, Version=4.1.1.0, Culture=neutral, PublicKeyToken=cc7b13ffcd2ddd51 into ScriptDomain_1547031435
[      2656] Loaded System.Buffers, Version=4.0.2.0, Culture=neutral, PublicKeyToken=cc7b13ffcd2ddd51 into ScriptDomain_1547031435
[      2750] hitch warning: frame time of 277 milliseconds
[    182265] Sending heartbeat to live-internal.fivem.net:30110
[    362281] Sending heartbeat to live-internal.fivem.net:30110
[    542343] Sending heartbeat to live-internal.fivem.net:30110
[    601234] Error resuming coroutine: server/functions.lua:169: attempt to index a nil value (global 'Async')
[    601250] stack traceback:
[    601250] 	server/functions.lua:169: in field 'SavePlayers'
[    601250] 	server/functions.lua:184: in function 'saveData'
[    635203] Connecting: RagingPufindail
[    636062] Sending heartbeat to live-internal.fivem.net:30110
[    668796] Error running call reference function for resource es_extended: citizen:/scripting/lua/scheduler.lua:351: server/main.lua:237: attempt to index a nil value (global 'Async')
[    668796] stack traceback:
[    668812] 	server/main.lua:237: in upvalue 'ref'
[    668812] 	citizen:/scripting/lua/scheduler.lua:337: in function <citizen:/scripting/lua/scheduler.lua:336>
[    668812] 	[C]: in function 'xpcall'
[    668828] 	citizen:/scripting/lua/scheduler.lua:336: in function <citizen:/scripting/lua/scheduler.lua:335>
[    668828] stack traceback:
[    668828] 	[C]: in function 'error'
[    668828] 	citizen:/scripting/lua/scheduler.lua:351: in function <citizen:/scripting/lua/scheduler.lua:322>
[    668843] 	[C]: in function 'coroutine.resume'
[    668843] 	citizen:/scripting/lua/scheduler.lua:34: in field 'CreateThreadNow'
[    668843] 	citizen:/scripting/lua/scheduler.lua:174: in function <citizen:/scripting/lua/scheduler.lua:138>
[    668875] Error running system event handling function for resource essentialmode: citizen:/scripting/lua/scheduler.lua:41: Failed to execute thread: citizen:/scripting/lua/MessagePack.lua:830: missing bytes
[    668875] stack traceback:
[    668875] 	[C]: in function 'error'
[    668890] 	citizen:/scripting/lua/MessagePack.lua:830: in method 'underflow'
[    668890] 	citizen:/scripting/lua/MessagePack.lua:465: in field 'any'
[    668890] 	citizen:/scripting/lua/MessagePack.lua:860: in field 'unpack'
[    668890] 	citizen:/scripting/lua/scheduler.lua:563: in local 'cb'
[    668906] 	server/player/login.lua:145: in upvalue 'handler'
[    668906] 	citizen:/scripting/lua/scheduler.lua:175: in function <citizen:/scripting/lua/scheduler.lua:174>
[    668906] stack traceback:
[    668921] 	[C]: in function 'error'
[    668921] 	citizen:/scripting/lua/scheduler.lua:41: in field 'CreateThreadNow'
[    668921] 	citizen:/scripting/lua/scheduler.lua:174: in function <citizen:/scripting/lua/scheduler.lua:138>
[    668921] 	[C]: in function 'coroutine.resume'
[    668937] 	citizen:/scripting/lua/scheduler.lua:34: in field 'CreateThreadNow'
[    668937] 	citizen:/scripting/lua/scheduler.lua:335: in function <citizen:/scripting/lua/scheduler.lua:322>
[    668953] hitch warning: frame time of 171 milliseconds
[    677515] Error running system event handling function for resource esx_phone: citizen:/scripting/lua/scheduler.lua:41: Failed to execute thread: server/main.lua:171: attempt to index a nil value (local 'xPlayer')
[    677515] stack traceback:
[    677515] 	server/main.lua:171: in upvalue 'handler'
[    677531] 	citizen:/scripting/lua/scheduler.lua:175: in function <citizen:/scripting/lua/scheduler.lua:174>
[    677531] stack traceback:
[    677546] 	[C]: in function 'error'
[    677546] 	citizen:/scripting/lua/scheduler.lua:41: in field 'CreateThreadNow'
[    677546] 	citizen:/scripting/lua/scheduler.lua:174: in function <citizen:/scripting/lua/scheduler.lua:138>
[    689937] Sending heartbeat to live-internal.fivem.net:30110
